Importer Log Report
Project : Adafruit Feather M0 Adalogger.PrjPcb

Section : Analyze Document - C:\Users\alexn\OneDrive\Documents\Projects\HotBox\PCB\lib\Adafruit-Feather-M0-Adalogger-PCB-master\Adafruit Feather M0 Adalogger.brd
    Analyzing data of C:\Users\alexn\OneDrive\Documents\Projects\HotBox\PCB\lib\Adafruit-Feather-M0-Adalogger-PCB-master\Adafruit Feather M0 Adalogger.brd
    Load settings
    Load layers 143
    Load Library "microbuilder"
    Load Packages 18
    Load Library "adafruit"
    Load Packages 1
    Load Library "adafruit2"
    Load Packages 1
EndSection

Section : Analyze Document - C:\Users\alexn\OneDrive\Documents\Projects\HotBox\PCB\lib\Adafruit-Feather-M0-Adalogger-PCB-master\Adafruit Feather M0 Adalogger.sch
    Analyzing data of C:\Users\alexn\OneDrive\Documents\Projects\HotBox\PCB\lib\Adafruit-Feather-M0-Adalogger-PCB-master\Adafruit Feather M0 Adalogger.sch
    Load settings
    Load layers 133
    Load schematic
    Load Libraries 4
    Load Library "microbuilder"
    Load Packages 72
    Load Symbols 20
    Load DeviceSets 19
    Load Library "supply1"
    Load Packages 0
    Load Symbols 2
    Load DeviceSets 2
    Load Library "adafruit"
    Load Packages 2
    Load Symbols 1
    Load DeviceSets 1
    Load Library "adafruit2"
    Load Packages 3
    Load Symbols 1
    Load DeviceSets 1
    Load Attributes 3
    Load Classes 1
    Load Parts 72
    Load Sheets 1
    ERROR: Unhandled typeerrors
EndSection
