Removed Pin From Net: NetName=NetJP6_15 Pin=R6-1
Removed Pin From Net: NetName=VBUS Pin=R6-2
Added Component: Designator=PD(HDR1X16)
Add component. Clean all parameters for all variants
Add component (AddParameter): Name = "LatestRevisionDate"; Value = "17-Jul-2002"; VariantName = "[No Variations]"
Add component (AddParameter): Name = "LatestRevisionNote"; Value = "Re-released for DXP Platform."; VariantName = "[No Variations]"
Add component (AddParameter): Name = "Publisher"; Value = "Altium Limited"; VariantName = "[No Variations]"
Added Pin To Net: NetName=GND Pin=PD-1
Added Pin To Net: NetName=VBUS Pin=PD-2
Added Pin To Net: NetName=V0 Pin=PD-3
Added Pin To Net: NetName=RS Pin=PD-4
Added Pin To Net: NetName=GND Pin=PD-5
Added Pin To Net: NetName=EN Pin=PD-6
Added Pin To Net: NetName=DB4 Pin=PD-11
Added Pin To Net: NetName=DB5 Pin=PD-12
Added Pin To Net: NetName=DB6 Pin=PD-13
Added Pin To Net: NetName=DB7 Pin=PD-14
Added Pin To Net: NetName=NetJP6_15 Pin=PD-15
Added Pin To Net: NetName=GND Pin=PD-16
Added Pin To Net: NetName=VBUS Pin=R6-1
Added Pin To Net: NetName=NetJP6_15 Pin=R6-2
Change Net Name : Old Net Name=NetJP6_15 New Net Name=NetPD_15
Added Member To Class: ClassName=Adafruit Feather M0 Adalogger Member=Component PD Header 16
