Removed Pin From Net: NetName=GND Pin=C1-2
Removed Pin From Net: NetName=GND Pin=C2-2
Removed Pin From Net: NetName=VBAT Pin=C3-1
Removed Pin From Net: NetName=GND Pin=C3-2
Removed Pin From Net: NetName=GND Pin=C4-2
Removed Pin From Net: NetName=+3V3 Pin=C5-1
Removed Pin From Net: NetName=GND Pin=C5-2
Removed Pin From Net: NetName=VBUS Pin=C6-1
Removed Pin From Net: NetName=GND Pin=C6-2
Removed Pin From Net: NetName=+3V3 Pin=C7-1
Removed Pin From Net: NetName=GND Pin=C7-2
Removed Pin From Net: NetName=+3V3 Pin=C8-1
Removed Pin From Net: NetName=GND Pin=C8-2
Removed Pin From Net: NetName=AREF Pin=C14-1
Removed Pin From Net: NetName=GND Pin=C14-2
Removed Pin From Net: NetName=VBUS Pin=CHG-A
Removed Pin From Net: NetName=VBAT Pin=D1-A
Removed Pin From Net: NetName=VBUS Pin=D1-C
Removed Pin From Net: NetName=GND Pin=L-C
Removed Pin From Net: NetName=VBUS Pin=R1-1
Removed Pin From Net: NetName=EN Pin=R1-2
Removed Pin From Net: NetName=VBAT Pin=R3-1
Removed Pin From Net: NetName=D9 Pin=R3-2
Removed Pin From Net: NetName=GND Pin=R4-2
Removed Pin From Net: NetName=D9 Pin=R6-1
Removed Pin From Net: NetName=GND Pin=R6-2
Removed Pin From Net: NetName=D13 Pin=R7-1
Removed Pin From Net: NetName=GND Pin=R8-2
Removed Pin From Net: NetName=GND Pin=SW1-2
Removed Pin From Net: NetName=GND Pin=SW1-4
Removed Pin From Net: NetName=VBUS Pin=U2-1
Removed Pin From Net: NetName=GND Pin=U2-2
Removed Pin From Net: NetName=EN Pin=U2-3
Removed Pin From Net: NetName=+3V3 Pin=U2-5
Removed Pin From Net: NetName=GND Pin=U3-2
Removed Pin From Net: NetName=VBAT Pin=U3-3
Removed Pin From Net: NetName=VBUS Pin=U3-4
Removed Pin From Net: NetName=A0 Pin=U$4-3
Removed Pin From Net: NetName=AREF Pin=U$4-4
Removed Pin From Net: NetName=GND Pin=U$4-5
Removed Pin From Net: NetName=+3V3 Pin=U$4-6
Removed Pin From Net: NetName=A1 Pin=U$4-7
Removed Pin From Net: NetName=A2 Pin=U$4-8
Removed Pin From Net: NetName=A3 Pin=U$4-9
Removed Pin From Net: NetName=A4 Pin=U$4-10
Removed Pin From Net: NetName=D9 Pin=U$4-12
Removed Pin From Net: NetName=D1 Pin=U$4-15
Removed Pin From Net: NetName=D0 Pin=U$4-16
Removed Pin From Net: NetName=+3V3 Pin=U$4-17
Removed Pin From Net: NetName=GND Pin=U$4-18
Removed Pin From Net: NetName=MOSI Pin=U$4-19
Removed Pin From Net: NetName=SCK Pin=U$4-20
Removed Pin From Net: NetName=MISO Pin=U$4-21
Removed Pin From Net: NetName=D5 Pin=U$4-24
Removed Pin From Net: NetName=D11 Pin=U$4-25
Removed Pin From Net: NetName=D13 Pin=U$4-26
Removed Pin From Net: NetName=D10 Pin=U$4-27
Removed Pin From Net: NetName=D12 Pin=U$4-28
Removed Pin From Net: NetName=D6 Pin=U$4-29
Removed Pin From Net: NetName=SDA Pin=U$4-31
Removed Pin From Net: NetName=SCL Pin=U$4-32
Removed Pin From Net: NetName=GND Pin=U$4-35
Removed Pin From Net: NetName=+3V3 Pin=U$4-36
Removed Pin From Net: NetName=GND Pin=U$4-42
Removed Pin From Net: NetName=+3V3 Pin=U$4-44
Removed Pin From Net: NetName=A5 Pin=U$4-47
Removed Pin From Net: NetName=GND Pin=U$4-THERMAL
Removed Pin From Net: NetName=GND Pin=X1-1
Removed Pin From Net: NetName=VBAT Pin=X1-2
Removed Pin From Net: NetName=GND Pin=X3-BASE@1
Removed Pin From Net: NetName=GND Pin=X3-BASE@2
Removed Pin From Net: NetName=GND Pin=X3-GND
Removed Pin From Net: NetName=GND Pin=X3-SPRT@1
Removed Pin From Net: NetName=GND Pin=X3-SPRT@2
Removed Pin From Net: NetName=GND Pin=X3-SPRT@3
Removed Pin From Net: NetName=GND Pin=X3-SPRT@4
Removed Pin From Net: NetName=VBUS Pin=X3-VBUS
Removed Pin From Net: NetName=MOSI Pin=X4-3
Removed Pin From Net: NetName=+3V3 Pin=X4-4
Removed Pin From Net: NetName=SCK Pin=X4-5
Removed Pin From Net: NetName=GND Pin=X4-6
Removed Pin From Net: NetName=MISO Pin=X4-7
Removed Pin From Net: NetName=GND Pin=X4-MT1
Removed Pin From Net: NetName=GND Pin=X4-MT2
Change Component Comment : Designator=U$34 Old Comment= New Comment=FIDUCIAL""
Change Component Comment : Designator=U$35 Old Comment= New Comment=FIDUCIAL""
Change Component Comment : Designator=JP3 Old Comment= New Comment=HEADER-1X12
Change Component Comment : Designator=JP1 Old Comment= New Comment=HEADER-1X16ROUND
Change Component Comment : Designator=U$31 Old Comment= New Comment=MOUNTINGHOLE2.5
Change Component Comment : Designator=U$32 Old Comment= New Comment=MOUNTINGHOLE2.5
Change component parameters: Designator = "JP1"; Footprint = "1X16_ROUND"; UniqueID = "\JHTDSKXH"
Change component parameters. Clean all parameters for all variants
Change component parameters (AddParameter): Name = "DeviceName"; Value = "ROUND"; VariantName = "[No Variations]"
Change component parameters (AddParameter): Name = "DeviceSetName"; Value = "HEADER-1X16"; VariantName = "[No Variations]"
Change component parameters (AddParameter): Name = "GateName_1"; Value = "A"; VariantName = "[No Variations]"
Change component parameters (AddParameter): Name = "LibraryName"; Value = "microbuilder"; VariantName = "[No Variations]"
Change component parameters (AddParameter): Name = "SymbolName_1"; Value = "PINHD16"; VariantName = "[No Variations]"
Change component parameters: Designator = "JP3"; Footprint = "1X12_ROUND"; UniqueID = "\LHYBXGEP"
Change component parameters. Clean all parameters for all variants
Change component parameters (AddParameter): Name = "DeviceName"; Value = ""; VariantName = "[No Variations]"
Change component parameters (AddParameter): Name = "DeviceSetName"; Value = "HEADER-1X12"; VariantName = "[No Variations]"
Change component parameters (AddParameter): Name = "GateName_1"; Value = "G$1"; VariantName = "[No Variations]"
Change component parameters (AddParameter): Name = "LibraryName"; Value = "microbuilder"; VariantName = "[No Variations]"
Change component parameters (AddParameter): Name = "SymbolName_1"; Value = "PINHD12"; VariantName = "[No Variations]"
Change component parameters: Designator = "U$31"; Footprint = "MOUNTINGHOLE_2.5_PLATED"; UniqueID = "\FEVURIXM"
Change component parameters. Clean all parameters for all variants
Change component parameters (AddParameter): Name = "BOM"; Value = "EXCLUDE"; VariantName = "[No Variations]"
Change component parameters (AddParameter): Name = "DeviceName"; Value = "2.5"; VariantName = "[No Variations]"
Change component parameters (AddParameter): Name = "DeviceSetName"; Value = "MOUNTINGHOLE"; VariantName = "[No Variations]"
Change component parameters (AddParameter): Name = "GateName_1"; Value = "G$1"; VariantName = "[No Variations]"
Change component parameters (AddParameter): Name = "LibraryName"; Value = "microbuilder"; VariantName = "[No Variations]"
Change component parameters (AddParameter): Name = "SymbolName_1"; Value = "MOUNTINGHOLE"; VariantName = "[No Variations]"
Change component parameters: Designator = "U$32"; Footprint = "MOUNTINGHOLE_2.5_PLATED"; UniqueID = "\LPFTNOOQ"
Change component parameters. Clean all parameters for all variants
Change component parameters (AddParameter): Name = "BOM"; Value = "EXCLUDE"; VariantName = "[No Variations]"
Change component parameters (AddParameter): Name = "DeviceName"; Value = "2.5"; VariantName = "[No Variations]"
Change component parameters (AddParameter): Name = "DeviceSetName"; Value = "MOUNTINGHOLE"; VariantName = "[No Variations]"
Change component parameters (AddParameter): Name = "GateName_1"; Value = "G$1"; VariantName = "[No Variations]"
Change component parameters (AddParameter): Name = "LibraryName"; Value = "microbuilder"; VariantName = "[No Variations]"
Change component parameters (AddParameter): Name = "SymbolName_1"; Value = "MOUNTINGHOLE"; VariantName = "[No Variations]"
Change component parameters: Designator = "U$34"; Footprint = "FIDUCIAL_1MM"; UniqueID = "\XYUUVXEX"
Change component parameters. Clean all parameters for all variants
Change component parameters (AddParameter): Name = "BOM"; Value = "EXCLUDE"; VariantName = "[No Variations]"
Change component parameters (AddParameter): Name = "DeviceName"; Value = """"; VariantName = "[No Variations]"
Change component parameters (AddParameter): Name = "DeviceSetName"; Value = "FIDUCIAL"; VariantName = "[No Variations]"
Change component parameters (AddParameter): Name = "GateName_1"; Value = "G$1"; VariantName = "[No Variations]"
Change component parameters (AddParameter): Name = "LibraryName"; Value = "microbuilder"; VariantName = "[No Variations]"
Change component parameters (AddParameter): Name = "SymbolName_1"; Value = "FIDUCIAL"; VariantName = "[No Variations]"
Change component parameters: Designator = "U$35"; Footprint = "FIDUCIAL_1MM"; UniqueID = "\XHOHPUBA"
Change component parameters. Clean all parameters for all variants
Change component parameters (AddParameter): Name = "BOM"; Value = "EXCLUDE"; VariantName = "[No Variations]"
Change component parameters (AddParameter): Name = "DeviceName"; Value = """"; VariantName = "[No Variations]"
Change component parameters (AddParameter): Name = "DeviceSetName"; Value = "FIDUCIAL"; VariantName = "[No Variations]"
Change component parameters (AddParameter): Name = "GateName_1"; Value = "G$1"; VariantName = "[No Variations]"
Change component parameters (AddParameter): Name = "LibraryName"; Value = "microbuilder"; VariantName = "[No Variations]"
Change component parameters (AddParameter): Name = "SymbolName_1"; Value = "FIDUCIAL"; VariantName = "[No Variations]"
Added Pin To Net: NetName=R\E\S\E\T\ Pin=JP1-16
Added Net: Name=R\E\S\E\T\
Added Class: Name=Adafruit Feather M0 Adalogger
Added Room: Name=Adafruit Feather M0 Adalogger
